<?xml version="1.0" encoding="UTF-8"?>
<!-- Generated by org.testng.reporters.JUnitXMLReporter -->
<testsuite ignored="0" hostname="LTIN275801" failures="1" tests="16" name="Test_1" time="62.245" errors="0" timestamp="2024-02-28T22:00:57 IST">
  <testcase classname="CASProject.TimeSheet" name="VerifyUserDetails" time="0.722"/>
  <testcase classname="CASProject.TimeSheet" name="ScrollDown" time="0.051"/>
  <testcase classname="CASProject.TimeSheet" name="openCognizant" time="4.208"/>
  <testcase classname="CASProject.TimeSheet" name="VerifyOneCPage" time="0.179"/>
  <testcase classname="CASProject.TimeSheet" name="OpenTimeSheet" time="6.053"/>
  <testcase classname="CASProject.TimeSheet" name="VeerifytimeSheetPage" time="0.226"/>
  <testcase classname="CASProject.TimeSheet" name="verifyTopThreeWeeks" time="0.175"/>
  <testcase classname="CASProject.TimeSheet" name="VerifyCurrentWeek" time="5.92"/>
  <testcase classname="CASProject.TimeSheet" name="SelectStatus" time="0.222"/>
  <testcase classname="CASProject.TimeSheet" name="VerifyApproved" time="4.191"/>
  <testcase classname="CASProject.TimeSheet" name="VerifyOverDue" time="3.308"/>
  <testcase classname="CASProject.TimeSheet" name="VerifyPartiallyApproved" time="3.38"/>
  <testcase classname="CASProject.TimeSheet" name="VerifyPending" time="3.285">
    <failure type="java.lang.AssertionError" message="null">
      <![CDATA[java.lang.AssertionError: null
at PageObjects.timesheets_Page.verify_Pending(timesheets_Page.java:301)
at CASProject.TimeSheet.VerifyPending(TimeSheet.java:160)
at java.base/java.util.ArrayList.forEach(ArrayList.java:1511)
... Removed 29 stack frames]]>
    </failure>
  </testcase> <!-- VerifyPending -->
  <testcase classname="CASProject.TimeSheet" name="VerifySaved" time="3.302"/>
  <testcase classname="CASProject.TimeSheet" name="VerifySentForRevision" time="3.376"/>
  <testcase classname="CASProject.TimeSheet" name="VerifySubmittedForApproval" time="3.238"/>
</testsuite> <!-- Test_1 -->
