<?xml version="1.0" encoding="UTF-8"?>
<!-- Generated by org.testng.reporters.JUnitXMLReporter -->
<testsuite ignored="0" hostname="LTIN275801" failures="1" tests="16" name="Test" time="67.615" errors="0" timestamp="2024-02-28T22:37:18 IST">
  <testcase classname="CASProject.TimeSheet" name="VerifyUserDetails" time="0.922"/>
  <testcase classname="CASProject.TimeSheet" name="ScrollDown" time="0.08"/>
  <testcase classname="CASProject.TimeSheet" name="openCognizant" time="3.969"/>
  <testcase classname="CASProject.TimeSheet" name="VerifyOneCPage" time="0.795"/>
  <testcase classname="CASProject.TimeSheet" name="OpenTimeSheet" time="6.153"/>
  <testcase classname="CASProject.TimeSheet" name="VeerifytimeSheetPage" time="1.24"/>
  <testcase classname="CASProject.TimeSheet" name="verifyTopThreeWeeks" time="0.112"/>
  <testcase classname="CASProject.TimeSheet" name="VerifyCurrentWeek" time="5.904"/>
  <testcase classname="CASProject.TimeSheet" name="SelectStatus" time="0.172"/>
  <testcase classname="CASProject.TimeSheet" name="VerifyApproved" time="4.18"/>
  <testcase classname="CASProject.TimeSheet" name="VerifyOverDue" time="3.342"/>
  <testcase classname="CASProject.TimeSheet" name="VerifyPartiallyApproved" time="3.362"/>
  <testcase classname="CASProject.TimeSheet" name="VerifyPending" time="3.245">
    <failure type="java.lang.AssertionError" message="null">
      <![CDATA[java.lang.AssertionError: null
at PageObjects.timesheets_Page.verify_Pending(timesheets_Page.java:301)
at CASProject.TimeSheet.VerifyPending(TimeSheet.java:160)
at java.base/java.util.ArrayList.forEach(ArrayList.java:1511)
... Removed 29 stack frames]]>
    </failure>
  </testcase> <!-- VerifyPending -->
  <testcase classname="CASProject.TimeSheet" name="VerifySaved" time="3.355"/>
  <testcase classname="CASProject.TimeSheet" name="VerifySentForRevision" time="3.373"/>
  <testcase classname="CASProject.TimeSheet" name="VerifySubmittedForApproval" time="3.285"/>
</testsuite> <!-- Test -->
