<?xml version="1.0" encoding="UTF-8"?>
<testng-results ignored="0" total="16" passed="15" failed="1" skipped="0">
  <reporter-output>
  </reporter-output>
  <suite started-at="2024-02-28T22:36:09 IST" name="Suite" finished-at="2024-02-28T22:37:17 IST" duration-ms="67615">
    <groups>
    </groups>
    <test started-at="2024-02-28T22:36:09 IST" name="Test" finished-at="2024-02-28T22:37:17 IST" duration-ms="67615">
      <class name="CASProject.TimeSheet">
        <test-method is-config="true" signature="driverSetUp(java.lang.String)[pri:0, instance:CASProject.TimeSheet@77c2494c]" started-at="2024-02-28T22:36:10 IST" name="driverSetUp" finished-at="2024-02-28T22:36:29 IST" duration-ms="19008" status="PASS">
          <params>
            <param index="0">
              <value>
                <![CDATA[chrome]]>
              </value>
            </param>
          </params>
          <reporter-output>
          </reporter-output>
        </test-method> <!-- driverSetUp -->
        <test-method signature="VerifyUserDetails()[pri:0, instance:CASProject.TimeSheet@77c2494c]" started-at="2024-02-28T22:36:29 IST" name="VerifyUserDetails" finished-at="2024-02-28T22:36:30 IST" duration-ms="922" status="PASS">
          <reporter-output>
          </reporter-output>
        </test-method> <!-- VerifyUserDetails -->
        <test-method signature="ScrollDown()[pri:1, instance:CASProject.TimeSheet@77c2494c]" started-at="2024-02-28T22:36:30 IST" name="ScrollDown" finished-at="2024-02-28T22:36:30 IST" duration-ms="80" status="PASS">
          <reporter-output>
          </reporter-output>
        </test-method> <!-- ScrollDown -->
        <test-method signature="openCognizant()[pri:2, instance:CASProject.TimeSheet@77c2494c]" started-at="2024-02-28T22:36:31 IST" name="openCognizant" finished-at="2024-02-28T22:36:35 IST" duration-ms="3969" status="PASS">
          <reporter-output>
          </reporter-output>
        </test-method> <!-- openCognizant -->
        <test-method signature="VerifyOneCPage()[pri:3, instance:CASProject.TimeSheet@77c2494c]" started-at="2024-02-28T22:36:35 IST" name="VerifyOneCPage" finished-at="2024-02-28T22:36:36 IST" duration-ms="795" status="PASS">
          <reporter-output>
          </reporter-output>
        </test-method> <!-- VerifyOneCPage -->
        <test-method signature="OpenTimeSheet()[pri:4, instance:CASProject.TimeSheet@77c2494c]" started-at="2024-02-28T22:36:36 IST" name="OpenTimeSheet" finished-at="2024-02-28T22:36:42 IST" duration-ms="6153" status="PASS">
          <reporter-output>
          </reporter-output>
        </test-method> <!-- OpenTimeSheet -->
        <test-method signature="VeerifytimeSheetPage()[pri:5, instance:CASProject.TimeSheet@77c2494c]" started-at="2024-02-28T22:36:43 IST" name="VeerifytimeSheetPage" finished-at="2024-02-28T22:36:44 IST" duration-ms="1240" status="PASS">
          <reporter-output>
          </reporter-output>
        </test-method> <!-- VeerifytimeSheetPage -->
        <test-method signature="verifyTopThreeWeeks()[pri:6, instance:CASProject.TimeSheet@77c2494c]" started-at="2024-02-28T22:36:44 IST" name="verifyTopThreeWeeks" finished-at="2024-02-28T22:36:44 IST" duration-ms="112" status="PASS">
          <reporter-output>
          </reporter-output>
        </test-method> <!-- verifyTopThreeWeeks -->
        <test-method signature="VerifyCurrentWeek()[pri:7, instance:CASProject.TimeSheet@77c2494c]" started-at="2024-02-28T22:36:44 IST" name="VerifyCurrentWeek" finished-at="2024-02-28T22:36:50 IST" duration-ms="5904" status="PASS">
          <reporter-output>
          </reporter-output>
        </test-method> <!-- VerifyCurrentWeek -->
        <test-method signature="SelectStatus()[pri:8, instance:CASProject.TimeSheet@77c2494c]" started-at="2024-02-28T22:36:50 IST" name="SelectStatus" finished-at="2024-02-28T22:36:51 IST" duration-ms="172" status="PASS">
          <reporter-output>
          </reporter-output>
        </test-method> <!-- SelectStatus -->
        <test-method signature="VerifyApproved()[pri:9, instance:CASProject.TimeSheet@77c2494c]" started-at="2024-02-28T22:36:51 IST" name="VerifyApproved" finished-at="2024-02-28T22:36:55 IST" duration-ms="4180" status="PASS">
          <reporter-output>
          </reporter-output>
        </test-method> <!-- VerifyApproved -->
        <test-method signature="VerifyOverDue()[pri:10, instance:CASProject.TimeSheet@77c2494c]" started-at="2024-02-28T22:36:55 IST" name="VerifyOverDue" finished-at="2024-02-28T22:36:58 IST" duration-ms="3342" status="PASS">
          <reporter-output>
          </reporter-output>
        </test-method> <!-- VerifyOverDue -->
        <test-method signature="VerifyPartiallyApproved()[pri:11, instance:CASProject.TimeSheet@77c2494c]" started-at="2024-02-28T22:36:58 IST" name="VerifyPartiallyApproved" finished-at="2024-02-28T22:37:02 IST" duration-ms="3362" status="PASS">
          <reporter-output>
          </reporter-output>
        </test-method> <!-- VerifyPartiallyApproved -->
        <test-method signature="VerifyPending()[pri:12, instance:CASProject.TimeSheet@77c2494c]" started-at="2024-02-28T22:37:02 IST" name="VerifyPending" finished-at="2024-02-28T22:37:05 IST" duration-ms="3245" status="FAIL">
          <exception class="java.lang.AssertionError">
            <message>
              <![CDATA[null]]>
            </message>
            <full-stacktrace>
              <![CDATA[java.lang.AssertionError: null
at org.testng.Assert.fail(Assert.java:111)
at org.testng.Assert.fail(Assert.java:116)
at PageObjects.timesheets_Page.verify_Pending(timesheets_Page.java:301)
at CASProject.TimeSheet.VerifyPending(TimeSheet.java:160)
at java.base/jdk.internal.reflect.NativeMethodAccessorImpl.invoke0(Native Method)
at java.base/jdk.internal.reflect.NativeMethodAccessorImpl.invoke(NativeMethodAccessorImpl.java:77)
at java.base/jdk.internal.reflect.DelegatingMethodAccessorImpl.invoke(DelegatingMethodAccessorImpl.java:43)
at java.base/java.lang.reflect.Method.invoke(Method.java:568)
at org.testng.internal.invokers.MethodInvocationHelper.invokeMethod(MethodInvocationHelper.java:139)
at org.testng.internal.invokers.TestInvoker.invokeMethod(TestInvoker.java:664)
at org.testng.internal.invokers.TestInvoker.invokeTestMethod(TestInvoker.java:228)
at org.testng.internal.invokers.MethodRunner.runInSequence(MethodRunner.java:63)
at org.testng.internal.invokers.TestInvoker$MethodInvocationAgent.invoke(TestInvoker.java:961)
at org.testng.internal.invokers.TestInvoker.invokeTestMethods(TestInvoker.java:201)
at org.testng.internal.invokers.TestMethodWorker.invokeTestMethods(TestMethodWorker.java:148)
at org.testng.internal.invokers.TestMethodWorker.run(TestMethodWorker.java:128)
at java.base/java.util.ArrayList.forEach(ArrayList.java:1511)
at org.testng.TestRunner.privateRun(TestRunner.java:819)
at org.testng.TestRunner.run(TestRunner.java:619)
at org.testng.SuiteRunner.runTest(SuiteRunner.java:443)
at org.testng.SuiteRunner.runSequentially(SuiteRunner.java:437)
at org.testng.SuiteRunner.privateRun(SuiteRunner.java:397)
at org.testng.SuiteRunner.run(SuiteRunner.java:336)
at org.testng.SuiteRunnerWorker.runSuite(SuiteRunnerWorker.java:52)
at org.testng.SuiteRunnerWorker.run(SuiteRunnerWorker.java:95)
at org.testng.TestNG.runSuitesSequentially(TestNG.java:1301)
at org.testng.TestNG.runSuitesLocally(TestNG.java:1228)
at org.testng.TestNG.runSuites(TestNG.java:1134)
at org.testng.TestNG.run(TestNG.java:1101)
at org.testng.remote.AbstractRemoteTestNG.run(AbstractRemoteTestNG.java:115)
at org.testng.remote.RemoteTestNG.initAndRun(RemoteTestNG.java:251)
at org.testng.remote.RemoteTestNG.main(RemoteTestNG.java:77)
]]>
            </full-stacktrace>
          </exception> <!-- java.lang.AssertionError -->
          <reporter-output>
          </reporter-output>
        </test-method> <!-- VerifyPending -->
        <test-method signature="VerifySaved()[pri:13, instance:CASProject.TimeSheet@77c2494c]" started-at="2024-02-28T22:37:05 IST" name="VerifySaved" finished-at="2024-02-28T22:37:09 IST" duration-ms="3355" status="PASS">
          <reporter-output>
          </reporter-output>
        </test-method> <!-- VerifySaved -->
        <test-method signature="VerifySentForRevision()[pri:14, instance:CASProject.TimeSheet@77c2494c]" started-at="2024-02-28T22:37:09 IST" name="VerifySentForRevision" finished-at="2024-02-28T22:37:12 IST" duration-ms="3373" status="PASS">
          <reporter-output>
          </reporter-output>
        </test-method> <!-- VerifySentForRevision -->
        <test-method signature="VerifySubmittedForApproval()[pri:15, instance:CASProject.TimeSheet@77c2494c]" started-at="2024-02-28T22:37:12 IST" name="VerifySubmittedForApproval" finished-at="2024-02-28T22:37:16 IST" duration-ms="3285" status="PASS">
          <reporter-output>
          </reporter-output>
        </test-method> <!-- VerifySubmittedForApproval -->
        <test-method is-config="true" signature="tearDown()[pri:0, instance:CASProject.TimeSheet@77c2494c]" started-at="2024-02-28T22:37:16 IST" name="tearDown" finished-at="2024-02-28T22:37:17 IST" duration-ms="1152" status="PASS">
          <reporter-output>
          </reporter-output>
        </test-method> <!-- tearDown -->
      </class> <!-- CASProject.TimeSheet -->
    </test> <!-- Test -->
  </suite> <!-- Suite -->
</testng-results>
